Array
(
    [id] => 328
    [status] => client_drop
)
Array
(
    [id] => 329
    [status] => client_drop
)
Array
(
    [id] => 325
    [status] => initiated
)
Array
(
    [id] => 327
    [status] => starts
)
Array
(
    [id] => 324
    [status] => initiated
)
Array
(
    [id] => 322
    [status] => initiated
)
Array
(
    [id] => 323
    [status] => initiated
)
Array
(
    [id] => 326
    [status] => initiated
)
Array
(
    [id] => 321
    [status] => initiated
)
Array
(
    [id] => 320
    [status] => rehired
)
Array
(
    [id] => 329
    [status] => candidate_drop
)
Array
(
    [id] => 325
    [status] => initiated
)
Array
(
    [id] => 326
    [status] => initiated
)
Array
(
    [id] => 330
    [status] => initiated
)
Array
(
    [id] => 329
    [status] => candidate_drop
)
Array
(
    [id] => 328
    [status] => client_drop
)
Array
(
    [id] => 323
    [status] => initiated
)
Array
(
    [id] => 322
    [status] => initiated
)
Array
(
    [id] => 327
    [status] => starts
)
Array
(
    [id] => 321
    [status] => initiated
)
Array
(
    [id] => 324
    [status] => initiated
)
Array
(
    [id] => 330
    [status] => initiated
)
Array
(
    [id] => 328
    [status] => client_drop
)
Array
(
    [id] => 323
    [status] => initiated
)
Array
(
    [id] => 324
    [status] => initiated
)
Array
(
    [id] => 329
    [status] => candidate_drop
)
Array
(
    [id] => 322
    [status] => initiated
)
Array
(
    [id] => 325
    [status] => initiated
)
Array
(
    [id] => 327
    [status] => starts
)
Array
(
    [id] => 326
    [status] => initiated
)
Array
(
    [id] => 321
    [status] => initiated
)
Array
(
    [id] => 330
    [status] => initiated
)
Array
(
    [id] => 326
    [status] => initiated
)
Array
(
    [id] => 329
    [status] => candidate_drop
)
Array
(
    [id] => 324
    [status] => initiated
)
Array
(
    [id] => 325
    [status] => initiated
)
Array
(
    [id] => 321
    [status] => initiated
)
Array
(
    [id] => 322
    [status] => initiated
)
Array
(
    [id] => 328
    [status] => client_drop
)
Array
(
    [id] => 327
    [status] => starts
)
Array
(
    [id] => 323
    [status] => initiated
)
Array
(
    [id] => 328
    [status] => client_drop
)
Array
(
    [id] => 326
    [status] => initiated
)
Array
(
    [id] => 330
    [status] => initiated
)
Array
(
    [id] => 322
    [status] => initiated
)
Array
(
    [id] => 329
    [status] => candidate_drop
)
Array
(
    [id] => 323
    [status] => initiated
)
Array
(
    [id] => 327
    [status] => starts
)
Array
(
    [id] => 325
    [status] => initiated
)
Array
(
    [id] => 324
    [status] => initiated
)
Array
(
    [id] => 321
    [status] => initiated
)
Array
(
    [id] => 330
    [status] => rehired
)
Array
(
    [id] => 330
    [status] => initiated
)
Array
(
    [id] => 329
    [status] => candidate_drop
)
Array
(
    [id] => 328
    [status] => client_drop
)
Array
(
    [id] => 326
    [status] => initiated
)
Array
(
    [id] => 327
    [status] => starts
)
Array
(
    [id] => 324
    [status] => initiated
)
Array
(
    [id] => 325
    [status] => initiated
)
Array
(
    [id] => 322
    [status] => initiated
)
Array
(
    [id] => 321
    [status] => initiated
)
Array
(
    [id] => 323
    [status] => initiated
)
Array
(
    [id] => 330
    [status] => rehired
)
Array
(
    [id] => 329
    [status] => candidate_drop
)
Array
(
    [id] => 327
    [status] => starts
)
Array
(
    [id] => 330
    [status] => rehired
)
Array
(
    [id] => 328
    [status] => client_drop
)
Array
(
    [id] => 326
    [status] => initiated
)
Array
(
    [id] => 321
    [status] => initiated
)
Array
(
    [id] => 323
    [status] => initiated
)
Array
(
    [id] => 325
    [status] => initiated
)
Array
(
    [id] => 322
    [status] => initiated
)
Array
(
    [id] => 324
    [status] => initiated
)
Array
(
    [id] => 328
    [status] => client_drop
)
Array
(
    [id] => 327
    [status] => starts
)
Array
(
    [id] => 326
    [status] => initiated
)
Array
(
    [id] => 329
    [status] => candidate_drop
)
Array
(
    [id] => 324
    [status] => initiated
)
Array
(
    [id] => 321
    [status] => initiated
)
Array
(
    [id] => 330
    [status] => rehired
)
Array
(
    [id] => 322
    [status] => initiated
)
Array
(
    [id] => 323
    [status] => initiated
)
Array
(
    [id] => 325
    [status] => initiated
)
Array
(
    [id] => 331
    [status] => initiated
)
Array
(
    [id] => 330
    [status] => rehired
)
Array
(
    [id] => 329
    [status] => candidate_drop
)
Array
(
    [id] => 326
    [status] => initiated
)
Array
(
    [id] => 327
    [status] => starts
)
Array
(
    [id] => 328
    [status] => client_drop
)
Array
(
    [id] => 325
    [status] => initiated
)
Array
(
    [id] => 324
    [status] => initiated
)
Array
(
    [id] => 322
    [status] => initiated
)
Array
(
    [id] => 323
    [status] => initiated
)
Array
(
    [id] => 331
    [status] => initiated
)
Array
(
    [id] => 330
    [status] => rehired
)
Array
(
    [id] => 327
    [status] => starts
)
Array
(
    [id] => 325
    [status] => initiated
)
Array
(
    [id] => 329
    [status] => candidate_drop
)
Array
(
    [id] => 328
    [status] => client_drop
)
Array
(
    [id] => 326
    [status] => initiated
)
Array
(
    [id] => 324
    [status] => initiated
)
Array
(
    [id] => 323
    [status] => initiated
)
Array
(
    [id] => 322
    [status] => initiated
)
Array
(
    [id] => 331
    [status] => initiated
)
Array
(
    [id] => 329
    [status] => candidate_drop
)
Array
(
    [id] => 327
    [status] => starts
)
Array
(
    [id] => 325
    [status] => initiated
)
Array
(
    [id] => 330
    [status] => rehired
)
Array
(
    [id] => 328
    [status] => client_drop
)
Array
(
    [id] => 323
    [status] => initiated
)
Array
(
    [id] => 322
    [status] => initiated
)
Array
(
    [id] => 324
    [status] => initiated
)
Array
(
    [id] => 326
    [status] => initiated
)
Array
(
    [id] => 330
    [status] => rehired
)
Array
(
    [id] => 328
    [status] => client_drop
)
Array
(
    [id] => 326
    [status] => initiated
)
Array
(
    [id] => 331
    [status] => initiated
)
Array
(
    [id] => 329
    [status] => candidate_drop
)
Array
(
    [id] => 327
    [status] => starts
)
Array
(
    [id] => 325
    [status] => initiated
)
Array
(
    [id] => 323
    [status] => initiated
)
Array
(
    [id] => 324
    [status] => initiated
)
Array
(
    [id] => 322
    [status] => initiated
)
Array
(
    [id] => 331
    [status] => initiated
)
Array
(
    [id] => 324
    [status] => initiated
)
Array
(
    [id] => 329
    [status] => candidate_drop
)
Array
(
    [id] => 327
    [status] => starts
)
Array
(
    [id] => 326
    [status] => initiated
)
Array
(
    [id] => 323
    [status] => initiated
)
Array
(
    [id] => 330
    [status] => rehired
)
Array
(
    [id] => 328
    [status] => client_drop
)
Array
(
    [id] => 325
    [status] => initiated
)
Array
(
    [id] => 322
    [status] => initiated
)
